0 info it worked if it ends with ok
1 verbose cli [ 'node', '/usr/local/bin/npm', 'publish' ]
2 info using npm@2.1.5
3 info using node@v0.10.33
4 verbose node symlink /usr/local/bin/node
5 verbose publish [ '.' ]
6 silly cache add args [ '.', null ]
7 verbose cache add spec .
8 silly cache add parsed spec { raw: '.',
8 silly cache add   scope: null,
8 silly cache add   name: null,
8 silly cache add   rawSpec: '.',
8 silly cache add   spec: '/Users/kcollins/Genome/CYP1A2_fast_metabolizer-gs159',
8 silly cache add   type: 'directory' }
9 verbose tar pack [ '/Users/kcollins/.npm/genoset-159/1.0.0/package.tgz',
9 verbose tar pack   '/Users/kcollins/Genome/CYP1A2_fast_metabolizer-gs159' ]
10 verbose tarball /Users/kcollins/.npm/genoset-159/1.0.0/package.tgz
11 verbose folder /Users/kcollins/Genome/CYP1A2_fast_metabolizer-gs159
12 info prepublish genoset-159@1.0.0
13 verbose addLocalTarball adding from inside cache /Users/kcollins/.npm/genoset-159/1.0.0/package.tgz
14 silly cache afterAdd genoset-159@1.0.0
15 verbose afterAdd /Users/kcollins/.npm/genoset-159/1.0.0/package/package.json not in flight; writing
16 verbose afterAdd /Users/kcollins/.npm/genoset-159/1.0.0/package/package.json written
17 silly publish { name: 'genoset-159',
17 silly publish   version: '1.0.0',
17 silly publish   description: 'Your CYP1A2 fast metabolizer status means that you are less stimulated by caffeine.',
17 silly publish   main: 'index.js',
17 silly publish   scripts:
17 silly publish    { test: 'tap ./tests/*.js | tap-spec',
17 silly publish      lint: 'standard *.js lib/*.js test/*.js' },
17 silly publish   keywords:
17 silly publish    [ 'genoset',
17 silly publish      'genome',
17 silly publish      'genetics',
17 silly publish      'genes',
17 silly publish      'dna',
17 silly publish      'gs159',
17 silly publish      'CYP1A2' ],
17 silly publish   author:
17 silly publish    { name: 'Kevin Collins',
17 silly publish      email: 'kevincol54@gmail.com',
17 silly publish      url: 'https://github.com/kevincol54' },
17 silly publish   license: 'MIT',
17 silly publish   dependencies: { gql: '^1.1.0' },
17 silly publish   devDependencies: { standard: '^5.4.1', tap: '^5.0.0', 'tap-spec': '^4.1.1' },
17 silly publish   engines: { node: '4.2.3' },
17 silly publish   readme: '# genoset-159\n\nYour CYP1A2 fast metabolizer status means that you are less stimulated by caffeine, as per [gs159](http://www.snpedia.com/index.php/Gs159)\n\n## Compatibility\n\nThis genoset is to be used with DNA-JSON. See [dna2json](https://github.com/genomejs/dna2json) for more information.\n\n## Usage\n\n```js\nvar fastMetabolizer = require(\'genoset-159\');\nvar dna = require(\'./dna.json\');\n\nconsole.log(fastMetabolizer(dna));\n// → `true` or `false`\n```\n\n## Contributions\n\nThis Project follows the StandardJS style guide.\n\n[![js-standard-style](https://cdn.rawgit.com/feross/standard/master/badge.svg)](https://github.com/feross/standard)\n\nTo Contribute:\n\n- Clone Repo\n- `npm install`\n- Write Code\n- Write Test(s)\n- Submit Pull Request\n\n\n## Author\n\n| [![twitter/kevco54](https://gravatar.com/avatar/c3f0cac49ad7d267cb58499a86bfdd19)](https://twitter.com/kevco54 "Follow @kevco54 on Twitter") |\n|---|\n| [Kevin Collins](https://iamkevin.co/) |\n\n## License\n\n_genoset-159_ is available under the [MIT](https://mths.be/mit) license.\n',
17 silly publish   readmeFilename: 'README.md',
17 silly publish   gitHead: '1010f940e2eea2a92bd9afa9cc534fed11c47c8f',
17 silly publish   _id: 'genoset-159@1.0.0',
17 silly publish   _shasum: '0911200e000adbd51457ca9b9ed428c1925c8ff5',
17 silly publish   _from: '.' }
18 verbose mapToRegistry name genoset-159
19 verbose mapToRegistry uri https://registry.npmjs.org/genoset-159
20 verbose publish registryBase https://registry.npmjs.org/
21 verbose request on initialization, where is /genoset-159
22 verbose request after pass 1, where is /genoset-159
23 verbose request url raw /genoset-159
24 verbose request resolving registry [ 'https://registry.npmjs.org/', './genoset-159' ]
25 verbose request after pass 2, where is https://registry.npmjs.org/genoset-159
26 verbose request sending authorization for write operation
27 info attempt registry request try #1 at 18:35:07
28 verbose request using bearer token for auth
29 verbose request id 90298098df9d0ff9
30 http request PUT https://registry.npmjs.org/genoset-159
31 http 403 https://registry.npmjs.org/genoset-159
32 verbose headers { 'content-type': 'application/json',
32 verbose headers   'cache-control': 'max-age=300',
32 verbose headers   'content-length': '95',
32 verbose headers   'accept-ranges': 'bytes',
32 verbose headers   date: 'Thu, 07 Jan 2016 23:35:09 GMT',
32 verbose headers   via: '1.1 varnish',
32 verbose headers   connection: 'keep-alive',
32 verbose headers   'x-served-by': 'cache-atl6223-ATL',
32 verbose headers   'x-cache': 'MISS',
32 verbose headers   'x-cache-hits': '0',
32 verbose headers   'x-timer': 'S1452209708.878315,VS0,VE701' }
33 error publish Failed PUT 403
34 verbose stack Error: "You cannot publish over the previously published version 1.0.0." : genoset-159
34 verbose stack     at RegClient.<anonymous> (/usr/local/lib/node_modules/npm/node_modules/npm-registry-client/lib/request.js:260:14)
34 verbose stack     at Request._callback (/usr/local/lib/node_modules/npm/node_modules/npm-registry-client/lib/request.js:197:65)
34 verbose stack     at Request.self.callback (/usr/local/lib/node_modules/npm/node_modules/request/request.js:199:22)
34 verbose stack     at Request.emit (events.js:98:17)
34 verbose stack     at Request.<anonymous> (/usr/local/lib/node_modules/npm/node_modules/request/request.js:1160:14)
34 verbose stack     at Request.emit (events.js:117:20)
34 verbose stack     at IncomingMessage.<anonymous> (/usr/local/lib/node_modules/npm/node_modules/request/request.js:1111:12)
34 verbose stack     at IncomingMessage.emit (events.js:117:20)
34 verbose stack     at _stream_readable.js:943:16
34 verbose stack     at process._tickCallback (node.js:419:13)
35 verbose statusCode 403
36 verbose pkgid genoset-159
37 verbose cwd /Users/kcollins/Genome/CYP1A2_fast_metabolizer-gs159
38 error Darwin 13.4.0
39 error argv "node" "/usr/local/bin/npm" "publish"
40 error node v0.10.33
41 error npm  v2.1.5
42 error code E403
43 error "You cannot publish over the previously published version 1.0.0." : genoset-159
44 error If you need help, you may report this error at:
44 error     <http://github.com/npm/npm/issues>
45 verbose exit [ 1, true ]
